<?xml version="1.0" encoding="UTF-8" ?>
<testsuite failures="0" time="0.455" errors="0" skipped="0" tests="4" name="com.myapp.test.TestEmpServletWorkflow">
  <properties>
    <property name="java.runtime.name" value="Java(TM) SE Runtime Environment"/>
    <property name="sun.boot.library.path" value="/home/clogeny/jdk/jdk1.7.0_79/jre/lib/amd64"/>
    <property name="java.vm.version" value="24.79-b02"/>
    <property name="java.vm.vendor" value="Oracle Corporation"/>
    <property name="java.vendor.url" value="http://java.oracle.com/"/>
    <property name="path.separator" value=":"/>
    <property name="guice.disable.misplaced.annotation.check" value="true"/>
    <property name="java.vm.name" value="Java HotSpot(TM) 64-Bit Server VM"/>
    <property name="file.encoding.pkg" value="sun.io"/>
    <property name="user.country" value="IN"/>
    <property name="sun.java.launcher" value="SUN_STANDARD"/>
    <property name="sun.os.patch.level" value="unknown"/>
    <property name="java.vm.specification.name" value="Java Virtual Machine Specification"/>
    <property name="user.dir" value="/home/clogeny/sample/EmployeeService"/>
    <property name="java.runtime.version" value="1.7.0_79-b15"/>
    <property name="java.awt.graphicsenv" value="sun.awt.X11GraphicsEnvironment"/>
    <property name="java.endorsed.dirs" value="/home/clogeny/jdk/jdk1.7.0_79/jre/lib/endorsed"/>
    <property name="os.arch" value="amd64"/>
    <property name="java.io.tmpdir" value="/tmp"/>
    <property name="line.separator" value="
"/>
    <property name="java.vm.specification.vendor" value="Oracle Corporation"/>
    <property name="os.name" value="Linux"/>
    <property name="classworlds.conf" value="/home/clogeny/sample/.metadata/.plugins/org.eclipse.m2e.launching/launches/m2conf4287972669103354678.tmp"/>
    <property name="sun.jnu.encoding" value="UTF-8"/>
    <property name="java.library.path" value="/usr/java/packages/lib/amd64:/usr/lib64:/lib64:/lib:/usr/lib"/>
    <property name="java.specification.name" value="Java Platform API Specification"/>
    <property name="java.class.version" value="51.0"/>
    <property name="sun.management.compiler" value="HotSpot 64-Bit Tiered Compilers"/>
    <property name="os.version" value="3.13.0-66-generic"/>
    <property name="user.home" value="/home/clogeny"/>
    <property name="user.timezone" value="Asia/Kolkata"/>
    <property name="java.awt.printerjob" value="sun.print.PSPrinterJob"/>
    <property name="file.encoding" value="UTF-8"/>
    <property name="java.specification.version" value="1.7"/>
    <property name="user.name" value="clogeny"/>
    <property name="java.class.path" value="/home/clogeny/Downloads/eclipse/configuration/org.eclipse.osgi/bundles/528/1/.cp/jars/plexus-classworlds-2.4.jar"/>
    <property name="java.vm.specification.version" value="1.7"/>
    <property name="sun.arch.data.model" value="64"/>
    <property name="java.home" value="/home/clogeny/jdk/jdk1.7.0_79/jre"/>
    <property name="sun.java.command" value="org.codehaus.plexus.classworlds.launcher.Launcher -B -s /home/clogeny/.m2/settings.xml install"/>
    <property name="java.specification.vendor" value="Oracle Corporation"/>
    <property name="user.language" value="en"/>
    <property name="awt.toolkit" value="sun.awt.X11.XToolkit"/>
    <property name="java.vm.info" value="mixed mode"/>
    <property name="java.version" value="1.7.0_79"/>
    <property name="java.ext.dirs" value="/home/clogeny/jdk/jdk1.7.0_79/jre/lib/ext:/usr/java/packages/lib/ext"/>
    <property name="securerandom.source" value="file:/dev/./urandom"/>
    <property name="sun.boot.class.path" value="/home/clogeny/jdk/jdk1.7.0_79/jre/lib/resources.jar:/home/clogeny/jdk/jdk1.7.0_79/jre/lib/rt.jar:/home/clogeny/jdk/jdk1.7.0_79/jre/lib/sunrsasign.jar:/home/clogeny/jdk/jdk1.7.0_79/jre/lib/jsse.jar:/home/clogeny/jdk/jdk1.7.0_79/jre/lib/jce.jar:/home/clogeny/jdk/jdk1.7.0_79/jre/lib/charsets.jar:/home/clogeny/jdk/jdk1.7.0_79/jre/lib/jfr.jar:/home/clogeny/jdk/jdk1.7.0_79/jre/classes"/>
    <property name="java.vendor" value="Oracle Corporation"/>
    <property name="maven.home" value="/home/clogeny/sample/EmployeeService/EMBEDDED"/>
    <property name="file.separator" value="/"/>
    <property name="java.vendor.url.bug" value="http://bugreport.sun.com/bugreport/"/>
    <property name="maven.bootclasspath" value="/home/clogeny/Downloads/eclipse/configuration/org.eclipse.osgi/bundles/528/1/.cp/jars/plexus-classworlds-2.4.jar"/>
    <property name="sun.cpu.endian" value="little"/>
    <property name="sun.io.unicode.encoding" value="UnicodeLittle"/>
    <property name="sun.desktop" value="gnome"/>
    <property name="sun.cpu.isalist" value=""/>
  </properties>
  <testcase time="0.259" classname="com.myapp.test.TestEmpServletWorkflow" name="testViewEmployees"/>
  <testcase time="0.062" classname="com.myapp.test.TestEmpServletWorkflow" name="testInsertEmployee"/>
  <testcase time="0.068" classname="com.myapp.test.TestEmpServletWorkflow" name="testDeleteEmployee"/>
  <testcase time="0.057" classname="com.myapp.test.TestEmpServletWorkflow" name="testUpdateEmployee"/>
</testsuite>